<?xml version="1.0" encoding="UTF-8"?>
<!-- Generated by org.testng.reporters.JUnitXMLReporter -->
<testsuite ignored="2" hostname="LAPTOP-J14VFOC7" failures="0" tests="2" name="Default test" time="13.228" errors="0" timestamp="2026-03-30T13:41:43 GMT-04:00">
  <testcase classname="com.naveenautomation.PageTests.LoginPageTest" name="validateLoginWithMultipleCredentials" time="1.368"/>
  <testcase classname="com.naveenautomation.PageTests.LoginPageTest" name="validateLoginWithMultipleCredentials" time="1.117"/>
  <testcase classname="com.naveenautomation.PageTests.LoginPageTest" name="validateUserIsAbleToLoginWithInValidCred" time="0.0">
    <ignored/>
  </testcase> <!-- validateUserIsAbleToLoginWithInValidCred -->
  <testcase classname="com.naveenautomation.PageTests.LoginPageTest" name="validateUserIsAbleToLoginWithValidCred" time="0.0">
    <ignored/>
  </testcase> <!-- validateUserIsAbleToLoginWithValidCred -->
</testsuite> <!-- Default test -->
