<?xml version="1.0" encoding="UTF-8"?>
<!-- Generated by org.testng.reporters.JUnitXMLReporter -->
<testsuite ignored="1" hostname="LAPTOP-J14VFOC7" failures="2" tests="22" name="Test" time="193.764" errors="0" timestamp="2026-04-07T02:16:24 GMT-04:00">
  <testcase classname="com.naveenautomation.PageTests.AccountPageTest" name="userIsAbleToCheckOrderHistory" time="1.922"/>
  <testcase classname="com.naveenautomation.PageTests.AccountPageTest" name="validateUserIsAbleToAddProductInWishList" time="4.721"/>
  <testcase classname="com.naveenautomation.PageTests.AccountPageTest" name="validateUserIsAbleToRemoveProductInWishList" time="7.299">
    <skipped/>
  </testcase> <!-- validateUserIsAbleToRemoveProductInWishList -->
  <testcase classname="com.naveenautomation.PageTests.AccountPageTest" name="validateUserIsAbleToRemoveProductInWishList" time="52.567">
    <failure type="org.openqa.selenium.NoSuchElementException" message="no such element: Unable to locate element: {&amp;quot;method&amp;quot;:&amp;quot;xpath&amp;quot;,&amp;quot;selector&amp;quot;:&amp;quot;//span[text()=&amp;apos;Wish List (1)&amp;apos;]&amp;quot;}
  (Session info: chrome=146.0.7680.178)
For documentation on this error, please visit: https://www.seleniumhq.org/exceptions/no_such_element.html
Build info: version: &amp;apos;3.141.59&amp;apos;, revision: &amp;apos;e82be7d358&amp;apos;, time: &amp;apos;2018-11-14T08:17:03&amp;apos;
System info: host: &amp;apos;LAPTOP-J14VFOC7&amp;apos;, ip: &amp;apos;10.0.0.153&amp;apos;, os.name: &amp;apos;Windows 11&amp;apos;, os.arch: &amp;apos;amd64&amp;apos;, os.version: &amp;apos;10.0&amp;apos;, java.version: &amp;apos;17.0.2&amp;apos;
Driver info: org.openqa.selenium.chrome.ChromeDriver
Capabilities {acceptInsecureCerts: false, browserName: chrome, browserVersion: 146.0.7680.178, chrome: {chromedriverVersion: 146.0.7680.165 (4b989da09e1..., userDataDir: C:\Users\Deepak\AppData\Loc...}, fedcm:accounts: true, goog:chromeOptions: {debuggerAddress: localhost:51539}, goog:processID: 10408, javascriptEnabled: true, networkConnectionEnabled: false, pageLoadStrategy: normal, platform: WINDOWS, platformName: WINDOWS, proxy: Proxy(), setWindowRect: true, strictFileInteractability: false, timeouts: {implicit: 0, pageLoad: 300000, script: 30000}, unhandledPromptBehavior: dismiss and notify, webauthn:extension:credBlob: true, webauthn:extension:largeBlob: true, webauthn:extension:minPinLength: true, webauthn:extension:prf: true, webauthn:virtualAuthenticators: true}
Session ID: 4239bafb3148d32a02bd0ab1c74d903c
*** Element info: {Using=xpath, value=//span[text()=&amp;apos;Wish List (1)&amp;apos;]}">
      <![CDATA[org.openqa.selenium.NoSuchElementException: no such element: Unable to locate element: {"method":"xpath","selector":"//span[text()='Wish List (1)']"}
  (Session info: chrome=146.0.7680.178)
For documentation on this error, please visit: https://www.seleniumhq.org/exceptions/no_such_element.html
Build info: version: '3.141.59', revision: 'e82be7d358', time: '2018-11-14T08:17:03'
System info: host: 'LAPTOP-J14VFOC7', ip: '10.0.0.153', os.name: 'Windows 11', os.arch: 'amd64', os.version: '10.0', java.version: '17.0.2'
Driver info: org.openqa.selenium.chrome.ChromeDriver
Capabilities {acceptInsecureCerts: false, browserName: chrome, browserVersion: 146.0.7680.178, chrome: {chromedriverVersion: 146.0.7680.165 (4b989da09e1..., userDataDir: C:\Users\Deepak\AppData\Loc...}, fedcm:accounts: true, goog:chromeOptions: {debuggerAddress: localhost:51539}, goog:processID: 10408, javascriptEnabled: true, networkConnectionEnabled: false, pageLoadStrategy: normal, platform: WINDOWS, platformName: WINDOWS, proxy: Proxy(), setWindowRect: true, strictFileInteractability: false, timeouts: {implicit: 0, pageLoad: 300000, script: 30000}, unhandledPromptBehavior: dismiss and notify, webauthn:extension:credBlob: true, webauthn:extension:largeBlob: true, webauthn:extension:minPinLength: true, webauthn:extension:prf: true, webauthn:virtualAuthenticators: true}
Session ID: 4239bafb3148d32a02bd0ab1c74d903c
*** Element info: {Using=xpath, value=//span[text()='Wish List (1)']}
at org.openqa.selenium.remote.http.W3CHttpResponseCodec.createException(W3CHttpResponseCodec.java:187)
at org.openqa.selenium.remote.http.W3CHttpResponseCodec.decode(W3CHttpResponseCodec.java:122)
at org.openqa.selenium.remote.http.W3CHttpResponseCodec.decode(W3CHttpResponseCodec.java:49)
at org.openqa.selenium.remote.HttpCommandExecutor.execute(HttpCommandExecutor.java:158)
at org.openqa.selenium.remote.service.DriverCommandExecutor.execute(DriverCommandExecutor.java:83)
at org.openqa.selenium.remote.RemoteWebDriver.execute(RemoteWebDriver.java:552)
at org.openqa.selenium.remote.RemoteWebDriver.findElement(RemoteWebDriver.java:323)
at org.openqa.selenium.remote.RemoteWebDriver.findElementByXPath(RemoteWebDriver.java:428)
at org.openqa.selenium.By$ByXPath.findElement(By.java:353)
at org.openqa.selenium.remote.RemoteWebDriver.findElement(RemoteWebDriver.java:315)
at org.openqa.selenium.support.events.EventFiringWebDriver.lambda$new$1(EventFiringWebDriver.java:105)
at jdk.proxy2/jdk.proxy2.$Proxy14.findElement(Unknown Source)
at org.openqa.selenium.support.events.EventFiringWebDriver.findElement(EventFiringWebDriver.java:194)
at org.openqa.selenium.support.pagefactory.DefaultElementLocator.findElement(DefaultElementLocator.java:69)
at org.openqa.selenium.support.pagefactory.internal.LocatingElementHandler.invoke(LocatingElementHandler.java:38)
at jdk.proxy2/jdk.proxy2.$Proxy18.click(Unknown Source)
at com.naveenautomation.pages.CategoryPage.clickOnWishListButton(CategoryPage.java:41)
at com.naveenautomation.PageTests.AccountPageTest.validateUserIsAbleToRemoveProductInWishList(AccountPageTest.java:118)
at java.base/java.util.ArrayList.forEach(ArrayList.java:1511)
... Removed 35 stack frames]]>
    </failure>
  </testcase> <!-- validateUserIsAbleToRemoveProductInWishList -->
  <testcase classname="com.naveenautomation.PageTests.AccountPageTest" name="validateUserIsAbleToViewReturns" time="1.11">
    <skipped/>
  </testcase> <!-- validateUserIsAbleToViewReturns -->
  <testcase classname="com.naveenautomation.PageTests.AccountPageTest" name="validateUserIsAbleToViewReturns" time="2.056"/>
  <testcase classname="com.naveenautomation.PageTests.AccountPageTest" name="validateUserIsAbleToUpdatePersonalInfo" time="3.795"/>
  <testcase classname="com.naveenautomation.PageTests.AccountPageTest" name="validateUserIsAbleToSubscribe" time="2.914"/>
  <testcase classname="com.naveenautomation.PageTests.AccountLogOutPageTest" name="userIsAbleToLandOnHomePage" time="3.563"/>
  <testcase classname="com.naveenautomation.PageTests.AccountLogOutPageTest" name="userIsAbleToLogout" time="1.97"/>
  <testcase classname="com.naveenautomation.PageTests.LoginPageTest" name="validateLoginWithMultipleCredentials" time="1.0"/>
  <testcase classname="com.naveenautomation.PageTests.LoginPageTest" name="validateLoginWithMultipleCredentials" time="1.533"/>
  <testcase classname="com.naveenautomation.PageTests.LoginPageTest" name="validateUserIsAbleToLoginWithInValidCred" time="0.943"/>
  <testcase classname="com.naveenautomation.PageTests.LoginPageTest" name="validateUserIsAbleToLoginWithValidCred" time="0.349">
    <skipped/>
  </testcase> <!-- validateUserIsAbleToLoginWithValidCred -->
  <testcase classname="com.naveenautomation.PageTests.LoginPageTest" name="validateUserIsAbleToLoginWithValidCred" time="1.18">
    <failure type="java.lang.AssertionError" message="User not loggedIn expected [My Account] but found [Account Login]">
      <![CDATA[java.lang.AssertionError: User not loggedIn expected [My Account] but found [Account Login]
at com.naveenautomation.PageTests.LoginPageTest.validateUserIsAbleToLoginWithValidCred(LoginPageTest.java:46)
at java.base/java.util.ArrayList.forEach(ArrayList.java:1511)
... Removed 32 stack frames]]>
    </failure>
  </testcase> <!-- validateUserIsAbleToLoginWithValidCred -->
  <testcase classname="com.naveenautomation.PageTests.HomePageTest" name="validateUserIsAbleToPlaceOrder" time="12.397"/>
  <testcase classname="com.naveenautomation.PageTests.HomePageTest" name="validateUserIsAbleToSearchforSpecificProduct" time="0.956"/>
  <testcase classname="com.naveenautomation.PageTests.ComparePageTest" name="validateSummaryOfComparedProduct" time="2.879"/>
  <testcase classname="com.naveenautomation.PageTests.AddressPageTest" name="validateUserIsAbleToAddNewAddress" time="1.179">
    <skipped/>
  </testcase> <!-- validateUserIsAbleToAddNewAddress -->
  <testcase classname="com.naveenautomation.PageTests.AddressPageTest" name="validateUserIsAbleToAddNewAddress" time="5.544"/>
  <testcase classname="com.naveenautomation.PageTests.AddressPageTest" name="validateUserIsAbleToRemoveAddress" time="1.058">
    <skipped/>
  </testcase> <!-- validateUserIsAbleToRemoveAddress -->
  <testcase classname="com.naveenautomation.PageTests.AddressPageTest" name="validateUserIsAbleToRemoveAddress" time="2.566"/>
  <testcase classname="com.naveenautomation.PageTests.AccountPageTest" name="validateUserIsAbleToChangePassword" time="0.0">
    <ignored/>
  </testcase> <!-- validateUserIsAbleToChangePassword -->
</testsuite> <!-- Test -->
