<?xml version="1.0" encoding="UTF-8"?>
<testng-results ignored="0" total="17" passed="11" failed="6" skipped="0">
  <reporter-output>
  </reporter-output>
  <suite started-at="2026-05-03T08:29:06 GMT-04:00" name="Surefire suite" finished-at="2026-05-03T08:31:24 GMT-04:00" duration-ms="137853">
    <groups>
    </groups>
    <test started-at="2026-05-03T08:29:06 GMT-04:00" name="Surefire test" finished-at="2026-05-03T08:31:24 GMT-04:00" duration-ms="137853">
      <class name="com.naveenautomation.PageTests.AccountLogOutPageTest">
        <test-method is-config="true" signature="initialization()[pri:0, instance:com.naveenautomation.PageTests.AccountLogOutPageTest@5a709816]" started-at="2026-05-03T08:29:06 GMT-04:00" name="initialization" finished-at="2026-05-03T08:29:10 GMT-04:00" duration-ms="3743" status="PASS">
          <reporter-output>
          </reporter-output>
        </test-method> <!-- initialization -->
        <test-method is-config="true" signature="launch()[pri:0, instance:com.naveenautomation.PageTests.AccountLogOutPageTest@5a709816]" started-at="2026-05-03T08:29:10 GMT-04:00" name="launch" finished-at="2026-05-03T08:29:13 GMT-04:00" duration-ms="2940" status="PASS">
          <reporter-output>
          </reporter-output>
        </test-method> <!-- launch -->
        <test-method signature="userIsAbleToLandOnHomePage()[pri:0, instance:com.naveenautomation.PageTests.AccountLogOutPageTest@5a709816]" started-at="2026-05-03T08:29:13 GMT-04:00" name="userIsAbleToLandOnHomePage" finished-at="2026-05-03T08:29:16 GMT-04:00" duration-ms="3330" status="PASS">
          <reporter-output>
          </reporter-output>
        </test-method> <!-- userIsAbleToLandOnHomePage -->
        <test-method is-config="true" signature="closeBrowser()[pri:0, instance:com.naveenautomation.PageTests.AccountLogOutPageTest@5a709816]" started-at="2026-05-03T08:29:16 GMT-04:00" name="closeBrowser" finished-at="2026-05-03T08:29:16 GMT-04:00" duration-ms="158" status="PASS">
          <reporter-output>
          </reporter-output>
        </test-method> <!-- closeBrowser -->
        <test-method is-config="true" signature="launch()[pri:0, instance:com.naveenautomation.PageTests.AccountLogOutPageTest@5a709816]" started-at="2026-05-03T08:29:16 GMT-04:00" name="launch" finished-at="2026-05-03T08:29:19 GMT-04:00" duration-ms="2871" status="PASS">
          <reporter-output>
          </reporter-output>
        </test-method> <!-- launch -->
        <test-method signature="userIsAbleToLogout()[pri:0, instance:com.naveenautomation.PageTests.AccountLogOutPageTest@5a709816]" started-at="2026-05-03T08:29:19 GMT-04:00" name="userIsAbleToLogout" finished-at="2026-05-03T08:29:21 GMT-04:00" duration-ms="1595" status="PASS">
          <reporter-output>
          </reporter-output>
        </test-method> <!-- userIsAbleToLogout -->
        <test-method is-config="true" signature="closeBrowser()[pri:0, instance:com.naveenautomation.PageTests.AccountLogOutPageTest@5a709816]" started-at="2026-05-03T08:29:21 GMT-04:00" name="closeBrowser" finished-at="2026-05-03T08:29:21 GMT-04:00" duration-ms="138" status="PASS">
          <reporter-output>
          </reporter-output>
        </test-method> <!-- closeBrowser -->
      </class> <!-- com.naveenautomation.PageTests.AccountLogOutPageTest -->
      <class name="com.naveenautomation.PageTests.AddressPageTest">
        <test-method is-config="true" signature="initialization()[pri:0, instance:com.naveenautomation.PageTests.AddressPageTest@db57326]" started-at="2026-05-03T08:30:23 GMT-04:00" name="initialization" finished-at="2026-05-03T08:30:27 GMT-04:00" duration-ms="3445" status="PASS">
          <reporter-output>
          </reporter-output>
        </test-method> <!-- initialization -->
        <test-method is-config="true" signature="launch()[pri:0, instance:com.naveenautomation.PageTests.AddressPageTest@db57326]" started-at="2026-05-03T08:30:27 GMT-04:00" name="launch" finished-at="2026-05-03T08:30:29 GMT-04:00" duration-ms="2794" status="PASS">
          <reporter-output>
          </reporter-output>
        </test-method> <!-- launch -->
        <test-method signature="validateUserIsAbleToAddNewAddress()[pri:0, instance:com.naveenautomation.PageTests.AddressPageTest@db57326]" started-at="2026-05-03T08:30:29 GMT-04:00" name="validateUserIsAbleToAddNewAddress" finished-at="2026-05-03T08:30:30 GMT-04:00" duration-ms="997" status="FAIL">
          <exception class="org.openqa.selenium.StaleElementReferenceException">
            <message>
              <![CDATA[stale element reference: stale element not found
  (Session info: chrome=147.0.7727.138)
For documentation on this error, please visit: https://www.selenium.dev/documentation/webdriver/troubleshooting/errors#stale-element-reference-exception
Build info: version: '4.27.0', revision: 'd6e718d134'
System info: os.name: 'Windows 11', os.arch: 'amd64', os.version: '10.0', java.version: '21.0.10'
Driver info: org.openqa.selenium.chrome.ChromeDriver
Command: [628456edbddb84f0518e6731cd019731, clickElement {id=f.9E750BD9B71A6BBEABC3DDCDEF73E25B.d.BED76684BAE1B4F289CEDF0D08564AA7.e.85}]
Capabilities {acceptInsecureCerts: false, browserName: chrome, browserVersion: 147.0.7727.138, chrome: {chromedriverVersion: 147.0.7727.117 (474cc805edd..., userDataDir: C:\WINDOWS\SystemTemp\scope...}, fedcm:accounts: true, goog:chromeOptions: {debuggerAddress: localhost:51553}, goog:processID: 21600, networkConnectionEnabled: false, pageLoadStrategy: normal, platformName: windows, proxy: Proxy(), se:cdp: ws://localhost:51553/devtoo..., se:cdpVersion: 147.0.7727.138, setWindowRect: true, strictFileInteractability: false, timeouts: {implicit: 0, pageLoad: 300000, script: 30000}, unhandledPromptBehavior: dismiss and notify, webauthn:extension:credBlob: true, webauthn:extension:largeBlob: true, webauthn:extension:minPinLength: true, webauthn:extension:prf: true, webauthn:virtualAuthenticators: true}
Element: [[ChromeDriver: chrome on windows (628456edbddb84f0518e6731cd019731)] -> xpath: //div[@class='list-group']//a[text()='Address Book']]
Session ID: 628456edbddb84f0518e6731cd019731]]>
            </message>
            <full-stacktrace>
              <![CDATA[org.openqa.selenium.StaleElementReferenceException: stale element reference: stale element not found
  (Session info: chrome=147.0.7727.138)
For documentation on this error, please visit: https://www.selenium.dev/documentation/webdriver/troubleshooting/errors#stale-element-reference-exception
Build info: version: '4.27.0', revision: 'd6e718d134'
System info: os.name: 'Windows 11', os.arch: 'amd64', os.version: '10.0', java.version: '21.0.10'
Driver info: org.openqa.selenium.chrome.ChromeDriver
Command: [628456edbddb84f0518e6731cd019731, clickElement {id=f.9E750BD9B71A6BBEABC3DDCDEF73E25B.d.BED76684BAE1B4F289CEDF0D08564AA7.e.85}]
Capabilities {acceptInsecureCerts: false, browserName: chrome, browserVersion: 147.0.7727.138, chrome: {chromedriverVersion: 147.0.7727.117 (474cc805edd..., userDataDir: C:\WINDOWS\SystemTemp\scope...}, fedcm:accounts: true, goog:chromeOptions: {debuggerAddress: localhost:51553}, goog:processID: 21600, networkConnectionEnabled: false, pageLoadStrategy: normal, platformName: windows, proxy: Proxy(), se:cdp: ws://localhost:51553/devtoo..., se:cdpVersion: 147.0.7727.138, setWindowRect: true, strictFileInteractability: false, timeouts: {implicit: 0, pageLoad: 300000, script: 30000}, unhandledPromptBehavior: dismiss and notify, webauthn:extension:credBlob: true, webauthn:extension:largeBlob: true, webauthn:extension:minPinLength: true, webauthn:extension:prf: true, webauthn:virtualAuthenticators: true}
Element: [[ChromeDriver: chrome on windows (628456edbddb84f0518e6731cd019731)] -> xpath: //div[@class='list-group']//a[text()='Address Book']]
Session ID: 628456edbddb84f0518e6731cd019731
at java.base/jdk.internal.reflect.DirectConstructorHandleAccessor.newInstance(DirectConstructorHandleAccessor.java:62)
at java.base/java.lang.reflect.Constructor.newInstanceWithCaller(Constructor.java:502)
at java.base/java.lang.reflect.Constructor.newInstance(Constructor.java:486)
at org.openqa.selenium.remote.ErrorCodec.decode(ErrorCodec.java:167)
at org.openqa.selenium.remote.codec.w3c.W3CHttpResponseCodec.decode(W3CHttpResponseCodec.java:138)
at org.openqa.selenium.remote.codec.w3c.W3CHttpResponseCodec.decode(W3CHttpResponseCodec.java:50)
at org.openqa.selenium.remote.HttpCommandExecutor.execute(HttpCommandExecutor.java:190)
at org.openqa.selenium.remote.service.DriverCommandExecutor.invokeExecute(DriverCommandExecutor.java:216)
at org.openqa.selenium.remote.service.DriverCommandExecutor.execute(DriverCommandExecutor.java:174)
at org.openqa.selenium.remote.RemoteWebDriver.execute(RemoteWebDriver.java:545)
at org.openqa.selenium.remote.RemoteWebElement.execute(RemoteWebElement.java:223)
at org.openqa.selenium.remote.RemoteWebElement.click(RemoteWebElement.java:76)
at java.base/jdk.internal.reflect.DirectMethodHandleAccessor.invoke(DirectMethodHandleAccessor.java:103)
at java.base/java.lang.reflect.Method.invoke(Method.java:580)
at org.openqa.selenium.support.decorators.WebDriverDecorator.call(WebDriverDecorator.java:249)
at org.openqa.selenium.support.decorators.DefaultDecorated.call(DefaultDecorated.java:48)
at org.openqa.selenium.support.decorators.WebDriverDecorator.lambda$createProxy$2(WebDriverDecorator.java:321)
at net.bytebuddy.renamed.java.lang.Object$ByteBuddy$Ed9ndPBi.click(Unknown Source)
at java.base/jdk.internal.reflect.DirectMethodHandleAccessor.invoke(DirectMethodHandleAccessor.java:103)
at java.base/java.lang.reflect.Method.invoke(Method.java:580)
at org.openqa.selenium.support.pagefactory.internal.LocatingElementHandler.invoke(LocatingElementHandler.java:51)
at jdk.proxy2/jdk.proxy2.$Proxy38.click(Unknown Source)
at com.naveenautomation.pages.AccountPage.clickOnAddressBook(AccountPage.java:186)
at com.naveenautomation.PageTests.AddressPageTest.validateUserIsAbleToAddNewAddress(AddressPageTest.java:46)
at java.base/jdk.internal.reflect.DirectMethodHandleAccessor.invoke(DirectMethodHandleAccessor.java:103)
at java.base/java.lang.reflect.Method.invoke(Method.java:580)
at org.testng.internal.invokers.MethodInvocationHelper.invokeMethod(MethodInvocationHelper.java:141)
at org.testng.internal.invokers.TestInvoker.invokeMethod(TestInvoker.java:686)
at org.testng.internal.invokers.TestInvoker.invokeTestMethod(TestInvoker.java:230)
at org.testng.internal.invokers.MethodRunner.runInSequence(MethodRunner.java:63)
at org.testng.internal.invokers.TestInvoker$MethodInvocationAgent.invoke(TestInvoker.java:992)
at org.testng.internal.invokers.TestInvoker.invokeTestMethods(TestInvoker.java:203)
at org.testng.internal.invokers.TestMethodWorker.invokeTestMethods(TestMethodWorker.java:154)
at org.testng.internal.invokers.TestMethodWorker.run(TestMethodWorker.java:134)
at java.base/java.util.ArrayList.forEach(ArrayList.java:1596)
at org.testng.TestRunner.privateRun(TestRunner.java:739)
at org.testng.TestRunner.run(TestRunner.java:614)
at org.testng.SuiteRunner.runTest(SuiteRunner.java:421)
at org.testng.SuiteRunner.runSequentially(SuiteRunner.java:413)
at org.testng.SuiteRunner.privateRun(SuiteRunner.java:373)
at org.testng.SuiteRunner.run(SuiteRunner.java:312)
at org.testng.SuiteRunnerWorker.runSuite(SuiteRunnerWorker.java:52)
at org.testng.SuiteRunnerWorker.run(SuiteRunnerWorker.java:95)
at org.testng.TestNG.runSuitesSequentially(TestNG.java:1274)
at org.testng.TestNG.runSuitesLocally(TestNG.java:1208)
at org.testng.TestNG.runSuites(TestNG.java:1112)
at org.testng.TestNG.run(TestNG.java:1079)
at org.apache.maven.surefire.testng.TestNGExecutor.run(TestNGExecutor.java:155)
at org.apache.maven.surefire.testng.TestNGDirectoryTestSuite.executeMulti(TestNGDirectoryTestSuite.java:169)
at org.apache.maven.surefire.testng.TestNGDirectoryTestSuite.execute(TestNGDirectoryTestSuite.java:88)
at org.apache.maven.surefire.testng.TestNGProvider.invoke(TestNGProvider.java:137)
at org.apache.maven.surefire.booter.ForkedBooter.runSuitesInProcess(ForkedBooter.java:385)
at org.apache.maven.surefire.booter.ForkedBooter.execute(ForkedBooter.java:162)
at org.apache.maven.surefire.booter.ForkedBooter.run(ForkedBooter.java:507)
at org.apache.maven.surefire.booter.ForkedBooter.main(ForkedBooter.java:495)
]]>
            </full-stacktrace>
          </exception> <!-- org.openqa.selenium.StaleElementReferenceException -->
          <reporter-output>
          </reporter-output>
        </test-method> <!-- validateUserIsAbleToAddNewAddress -->
        <test-method is-config="true" signature="closeBrowser()[pri:0, instance:com.naveenautomation.PageTests.AddressPageTest@db57326]" started-at="2026-05-03T08:30:30 GMT-04:00" name="closeBrowser" finished-at="2026-05-03T08:30:31 GMT-04:00" duration-ms="164" status="PASS">
          <reporter-output>
          </reporter-output>
        </test-method> <!-- closeBrowser -->
        <test-method is-config="true" signature="launch()[pri:0, instance:com.naveenautomation.PageTests.AddressPageTest@db57326]" started-at="2026-05-03T08:30:31 GMT-04:00" name="launch" finished-at="2026-05-03T08:30:33 GMT-04:00" duration-ms="2633" status="PASS">
          <reporter-output>
          </reporter-output>
        </test-method> <!-- launch -->
        <test-method signature="validateUserIsAbleToRemoveAddress()[pri:0, instance:com.naveenautomation.PageTests.AddressPageTest@db57326]" started-at="2026-05-03T08:30:33 GMT-04:00" name="validateUserIsAbleToRemoveAddress" finished-at="2026-05-03T08:30:35 GMT-04:00" duration-ms="2224" status="PASS">
          <reporter-output>
          </reporter-output>
        </test-method> <!-- validateUserIsAbleToRemoveAddress -->
        <test-method is-config="true" signature="closeBrowser()[pri:0, instance:com.naveenautomation.PageTests.AddressPageTest@db57326]" started-at="2026-05-03T08:30:35 GMT-04:00" name="closeBrowser" finished-at="2026-05-03T08:30:36 GMT-04:00" duration-ms="197" status="PASS">
          <reporter-output>
          </reporter-output>
        </test-method> <!-- closeBrowser -->
      </class> <!-- com.naveenautomation.PageTests.AddressPageTest -->
      <class name="com.naveenautomation.PageTests.LoginPageTest">
        <test-method is-config="true" signature="initialization()[pri:0, instance:com.naveenautomation.PageTests.LoginPageTest@4b14918a]" started-at="2026-05-03T08:31:04 GMT-04:00" name="initialization" finished-at="2026-05-03T08:31:07 GMT-04:00" duration-ms="2973" status="PASS">
          <reporter-output>
          </reporter-output>
        </test-method> <!-- initialization -->
        <test-method is-config="true" signature="launch()[pri:0, instance:com.naveenautomation.PageTests.LoginPageTest@4b14918a]" started-at="2026-05-03T08:31:08 GMT-04:00" name="launch" finished-at="2026-05-03T08:31:11 GMT-04:00" duration-ms="2847" status="PASS">
          <reporter-output>
          </reporter-output>
        </test-method> <!-- launch -->
        <test-method signature="validateLoginWithMultipleCredentials(java.lang.String,java.lang.String)[pri:0, instance:com.naveenautomation.PageTests.LoginPageTest@4b14918a]" started-at="2026-05-03T08:31:11 GMT-04:00" name="validateLoginWithMultipleCredentials" data-provider="UserCredentials" finished-at="2026-05-03T08:31:12 GMT-04:00" duration-ms="1145" status="PASS">
          <params>
            <param index="0">
              <value>
                <![CDATA[chaudharyruchika3@gmail.com]]>
              </value>
            </param>
            <param index="1">
              <value>
                <![CDATA[Sam@ira24]]>
              </value>
            </param>
          </params>
          <reporter-output>
          </reporter-output>
        </test-method> <!-- validateLoginWithMultipleCredentials -->
        <test-method is-config="true" signature="closeBrowser()[pri:0, instance:com.naveenautomation.PageTests.LoginPageTest@4b14918a]" started-at="2026-05-03T08:31:12 GMT-04:00" name="closeBrowser" finished-at="2026-05-03T08:31:12 GMT-04:00" duration-ms="174" status="PASS">
          <reporter-output>
          </reporter-output>
        </test-method> <!-- closeBrowser -->
        <test-method is-config="true" signature="launch()[pri:0, instance:com.naveenautomation.PageTests.LoginPageTest@4b14918a]" started-at="2026-05-03T08:31:12 GMT-04:00" name="launch" finished-at="2026-05-03T08:31:15 GMT-04:00" duration-ms="2729" status="PASS">
          <reporter-output>
          </reporter-output>
        </test-method> <!-- launch -->
        <test-method signature="validateLoginWithMultipleCredentials(java.lang.String,java.lang.String)[pri:0, instance:com.naveenautomation.PageTests.LoginPageTest@4b14918a]" started-at="2026-05-03T08:31:15 GMT-04:00" name="validateLoginWithMultipleCredentials" data-provider="UserCredentials" finished-at="2026-05-03T08:31:16 GMT-04:00" duration-ms="1209" status="PASS">
          <params>
            <param index="0">
              <value>
                <![CDATA[deepak.deepak802@gmail.com]]>
              </value>
            </param>
            <param index="1">
              <value>
                <![CDATA[Deep@91]]>
              </value>
            </param>
          </params>
          <reporter-output>
          </reporter-output>
        </test-method> <!-- validateLoginWithMultipleCredentials -->
        <test-method is-config="true" signature="closeBrowser()[pri:0, instance:com.naveenautomation.PageTests.LoginPageTest@4b14918a]" started-at="2026-05-03T08:31:16 GMT-04:00" name="closeBrowser" finished-at="2026-05-03T08:31:16 GMT-04:00" duration-ms="152" status="PASS">
          <reporter-output>
          </reporter-output>
        </test-method> <!-- closeBrowser -->
        <test-method is-config="true" signature="launch()[pri:0, instance:com.naveenautomation.PageTests.LoginPageTest@4b14918a]" started-at="2026-05-03T08:31:16 GMT-04:00" name="launch" finished-at="2026-05-03T08:31:19 GMT-04:00" duration-ms="2894" status="PASS">
          <reporter-output>
          </reporter-output>
        </test-method> <!-- launch -->
        <test-method signature="validateUserIsAbleToLoginWithInValidCred()[pri:0, instance:com.naveenautomation.PageTests.LoginPageTest@4b14918a]" started-at="2026-05-03T08:31:19 GMT-04:00" name="validateUserIsAbleToLoginWithInValidCred" finished-at="2026-05-03T08:31:20 GMT-04:00" duration-ms="765" status="PASS">
          <reporter-output>
          </reporter-output>
        </test-method> <!-- validateUserIsAbleToLoginWithInValidCred -->
        <test-method is-config="true" signature="closeBrowser()[pri:0, instance:com.naveenautomation.PageTests.LoginPageTest@4b14918a]" started-at="2026-05-03T08:31:20 GMT-04:00" name="closeBrowser" finished-at="2026-05-03T08:31:20 GMT-04:00" duration-ms="182" status="PASS">
          <reporter-output>
          </reporter-output>
        </test-method> <!-- closeBrowser -->
        <test-method is-config="true" signature="launch()[pri:0, instance:com.naveenautomation.PageTests.LoginPageTest@4b14918a]" started-at="2026-05-03T08:31:20 GMT-04:00" name="launch" finished-at="2026-05-03T08:31:23 GMT-04:00" duration-ms="2632" status="PASS">
          <reporter-output>
          </reporter-output>
        </test-method> <!-- launch -->
        <test-method signature="validateUserIsAbleToLoginWithValidCred()[pri:0, instance:com.naveenautomation.PageTests.LoginPageTest@4b14918a]" started-at="2026-05-03T08:31:23 GMT-04:00" name="validateUserIsAbleToLoginWithValidCred" finished-at="2026-05-03T08:31:24 GMT-04:00" duration-ms="984" status="FAIL">
          <exception class="java.lang.AssertionError">
            <message>
              <![CDATA[User not loggedIn expected [My Account] but found [Account Login]]]>
            </message>
            <full-stacktrace>
              <![CDATA[java.lang.AssertionError: User not loggedIn expected [My Account] but found [Account Login]
at org.testng.Assert.fail(Assert.java:111)
at org.testng.Assert.failNotEquals(Assert.java:1578)
at org.testng.Assert.assertEqualsImpl(Assert.java:150)
at org.testng.Assert.assertEquals(Assert.java:132)
at org.testng.Assert.assertEquals(Assert.java:656)
at com.naveenautomation.PageTests.LoginPageTest.validateUserIsAbleToLoginWithValidCred(LoginPageTest.java:46)
at java.base/jdk.internal.reflect.DirectMethodHandleAccessor.invoke(DirectMethodHandleAccessor.java:103)
at java.base/java.lang.reflect.Method.invoke(Method.java:580)
at org.testng.internal.invokers.MethodInvocationHelper.invokeMethod(MethodInvocationHelper.java:141)
at org.testng.internal.invokers.TestInvoker.invokeMethod(TestInvoker.java:686)
at org.testng.internal.invokers.TestInvoker.invokeTestMethod(TestInvoker.java:230)
at org.testng.internal.invokers.MethodRunner.runInSequence(MethodRunner.java:63)
at org.testng.internal.invokers.TestInvoker$MethodInvocationAgent.invoke(TestInvoker.java:992)
at org.testng.internal.invokers.TestInvoker.invokeTestMethods(TestInvoker.java:203)
at org.testng.internal.invokers.TestMethodWorker.invokeTestMethods(TestMethodWorker.java:154)
at org.testng.internal.invokers.TestMethodWorker.run(TestMethodWorker.java:134)
at java.base/java.util.ArrayList.forEach(ArrayList.java:1596)
at org.testng.TestRunner.privateRun(TestRunner.java:739)
at org.testng.TestRunner.run(TestRunner.java:614)
at org.testng.SuiteRunner.runTest(SuiteRunner.java:421)
at org.testng.SuiteRunner.runSequentially(SuiteRunner.java:413)
at org.testng.SuiteRunner.privateRun(SuiteRunner.java:373)
at org.testng.SuiteRunner.run(SuiteRunner.java:312)
at org.testng.SuiteRunnerWorker.runSuite(SuiteRunnerWorker.java:52)
at org.testng.SuiteRunnerWorker.run(SuiteRunnerWorker.java:95)
at org.testng.TestNG.runSuitesSequentially(TestNG.java:1274)
at org.testng.TestNG.runSuitesLocally(TestNG.java:1208)
at org.testng.TestNG.runSuites(TestNG.java:1112)
at org.testng.TestNG.run(TestNG.java:1079)
at org.apache.maven.surefire.testng.TestNGExecutor.run(TestNGExecutor.java:155)
at org.apache.maven.surefire.testng.TestNGDirectoryTestSuite.executeMulti(TestNGDirectoryTestSuite.java:169)
at org.apache.maven.surefire.testng.TestNGDirectoryTestSuite.execute(TestNGDirectoryTestSuite.java:88)
at org.apache.maven.surefire.testng.TestNGProvider.invoke(TestNGProvider.java:137)
at org.apache.maven.surefire.booter.ForkedBooter.runSuitesInProcess(ForkedBooter.java:385)
at org.apache.maven.surefire.booter.ForkedBooter.execute(ForkedBooter.java:162)
at org.apache.maven.surefire.booter.ForkedBooter.run(ForkedBooter.java:507)
at org.apache.maven.surefire.booter.ForkedBooter.main(ForkedBooter.java:495)
]]>
            </full-stacktrace>
          </exception> <!-- java.lang.AssertionError -->
          <reporter-output>
          </reporter-output>
        </test-method> <!-- validateUserIsAbleToLoginWithValidCred -->
        <test-method is-config="true" signature="closeBrowser()[pri:0, instance:com.naveenautomation.PageTests.LoginPageTest@4b14918a]" started-at="2026-05-03T08:31:24 GMT-04:00" name="closeBrowser" finished-at="2026-05-03T08:31:24 GMT-04:00" duration-ms="131" status="PASS">
          <reporter-output>
          </reporter-output>
        </test-method> <!-- closeBrowser -->
      </class> <!-- com.naveenautomation.PageTests.LoginPageTest -->
      <class name="com.naveenautomation.PageTests.AccountPageTest">
        <test-method is-config="true" signature="initialization()[pri:0, instance:com.naveenautomation.PageTests.AccountPageTest@53dbe163]" started-at="2026-05-03T08:29:21 GMT-04:00" name="initialization" finished-at="2026-05-03T08:29:24 GMT-04:00" duration-ms="2851" status="PASS">
          <reporter-output>
          </reporter-output>
        </test-method> <!-- initialization -->
        <test-method is-config="true" signature="launch()[pri:0, instance:com.naveenautomation.PageTests.AccountPageTest@53dbe163]" started-at="2026-05-03T08:29:24 GMT-04:00" name="launch" finished-at="2026-05-03T08:29:27 GMT-04:00" duration-ms="2838" status="PASS">
          <reporter-output>
          </reporter-output>
        </test-method> <!-- launch -->
        <test-method signature="userIsAbleToCheckOrderHistory()[pri:0, instance:com.naveenautomation.PageTests.AccountPageTest@53dbe163]" started-at="2026-05-03T08:29:27 GMT-04:00" name="userIsAbleToCheckOrderHistory" finished-at="2026-05-03T08:29:28 GMT-04:00" duration-ms="908" status="FAIL">
          <exception class="org.openqa.selenium.StaleElementReferenceException">
            <message>
              <![CDATA[stale element reference: stale element not found
  (Session info: chrome=147.0.7727.138)
For documentation on this error, please visit: https://www.selenium.dev/documentation/webdriver/troubleshooting/errors#stale-element-reference-exception
Build info: version: '4.27.0', revision: 'd6e718d134'
System info: os.name: 'Windows 11', os.arch: 'amd64', os.version: '10.0', java.version: '21.0.10'
Driver info: org.openqa.selenium.chrome.ChromeDriver
Command: [57bf62827af495b079371d97db318e55, clickElement {id=f.C92B5D6BEB7B28984D8FC6FB08456E67.d.48A0F11B194A3272190C89600C4DFFD4.e.94}]
Capabilities {acceptInsecureCerts: false, browserName: chrome, browserVersion: 147.0.7727.138, chrome: {chromedriverVersion: 147.0.7727.117 (474cc805edd..., userDataDir: C:\WINDOWS\SystemTemp\scope...}, fedcm:accounts: true, goog:chromeOptions: {debuggerAddress: localhost:49682}, goog:processID: 13596, networkConnectionEnabled: false, pageLoadStrategy: normal, platformName: windows, proxy: Proxy(), se:cdp: ws://localhost:49682/devtoo..., se:cdpVersion: 147.0.7727.138, setWindowRect: true, strictFileInteractability: false, timeouts: {implicit: 0, pageLoad: 300000, script: 30000}, unhandledPromptBehavior: dismiss and notify, webauthn:extension:credBlob: true, webauthn:extension:largeBlob: true, webauthn:extension:minPinLength: true, webauthn:extension:prf: true, webauthn:virtualAuthenticators: true}
Element: [[ChromeDriver: chrome on windows (57bf62827af495b079371d97db318e55)] -> xpath: //span[text()='My Account']]
Session ID: 57bf62827af495b079371d97db318e55]]>
            </message>
            <full-stacktrace>
              <![CDATA[org.openqa.selenium.StaleElementReferenceException: stale element reference: stale element not found
  (Session info: chrome=147.0.7727.138)
For documentation on this error, please visit: https://www.selenium.dev/documentation/webdriver/troubleshooting/errors#stale-element-reference-exception
Build info: version: '4.27.0', revision: 'd6e718d134'
System info: os.name: 'Windows 11', os.arch: 'amd64', os.version: '10.0', java.version: '21.0.10'
Driver info: org.openqa.selenium.chrome.ChromeDriver
Command: [57bf62827af495b079371d97db318e55, clickElement {id=f.C92B5D6BEB7B28984D8FC6FB08456E67.d.48A0F11B194A3272190C89600C4DFFD4.e.94}]
Capabilities {acceptInsecureCerts: false, browserName: chrome, browserVersion: 147.0.7727.138, chrome: {chromedriverVersion: 147.0.7727.117 (474cc805edd..., userDataDir: C:\WINDOWS\SystemTemp\scope...}, fedcm:accounts: true, goog:chromeOptions: {debuggerAddress: localhost:49682}, goog:processID: 13596, networkConnectionEnabled: false, pageLoadStrategy: normal, platformName: windows, proxy: Proxy(), se:cdp: ws://localhost:49682/devtoo..., se:cdpVersion: 147.0.7727.138, setWindowRect: true, strictFileInteractability: false, timeouts: {implicit: 0, pageLoad: 300000, script: 30000}, unhandledPromptBehavior: dismiss and notify, webauthn:extension:credBlob: true, webauthn:extension:largeBlob: true, webauthn:extension:minPinLength: true, webauthn:extension:prf: true, webauthn:virtualAuthenticators: true}
Element: [[ChromeDriver: chrome on windows (57bf62827af495b079371d97db318e55)] -> xpath: //span[text()='My Account']]
Session ID: 57bf62827af495b079371d97db318e55
at java.base/jdk.internal.reflect.DirectConstructorHandleAccessor.newInstance(DirectConstructorHandleAccessor.java:62)
at java.base/java.lang.reflect.Constructor.newInstanceWithCaller(Constructor.java:502)
at java.base/java.lang.reflect.Constructor.newInstance(Constructor.java:486)
at org.openqa.selenium.remote.ErrorCodec.decode(ErrorCodec.java:167)
at org.openqa.selenium.remote.codec.w3c.W3CHttpResponseCodec.decode(W3CHttpResponseCodec.java:138)
at org.openqa.selenium.remote.codec.w3c.W3CHttpResponseCodec.decode(W3CHttpResponseCodec.java:50)
at org.openqa.selenium.remote.HttpCommandExecutor.execute(HttpCommandExecutor.java:190)
at org.openqa.selenium.remote.service.DriverCommandExecutor.invokeExecute(DriverCommandExecutor.java:216)
at org.openqa.selenium.remote.service.DriverCommandExecutor.execute(DriverCommandExecutor.java:174)
at org.openqa.selenium.remote.RemoteWebDriver.execute(RemoteWebDriver.java:545)
at org.openqa.selenium.remote.RemoteWebElement.execute(RemoteWebElement.java:223)
at org.openqa.selenium.remote.RemoteWebElement.click(RemoteWebElement.java:76)
at java.base/jdk.internal.reflect.DirectMethodHandleAccessor.invoke(DirectMethodHandleAccessor.java:103)
at java.base/java.lang.reflect.Method.invoke(Method.java:580)
at org.openqa.selenium.support.decorators.WebDriverDecorator.call(WebDriverDecorator.java:249)
at org.openqa.selenium.support.decorators.DefaultDecorated.call(DefaultDecorated.java:48)
at org.openqa.selenium.support.decorators.WebDriverDecorator.lambda$createProxy$2(WebDriverDecorator.java:321)
at net.bytebuddy.renamed.java.lang.Object$ByteBuddy$fKJC85ew.click(Unknown Source)
at java.base/jdk.internal.reflect.DirectMethodHandleAccessor.invoke(DirectMethodHandleAccessor.java:103)
at java.base/java.lang.reflect.Method.invoke(Method.java:580)
at org.openqa.selenium.support.pagefactory.internal.LocatingElementHandler.invoke(LocatingElementHandler.java:51)
at jdk.proxy2/jdk.proxy2.$Proxy38.click(Unknown Source)
at com.naveenautomation.pages.AccountPage.getOrderHistory(AccountPage.java:167)
at com.naveenautomation.PageTests.AccountPageTest.userIsAbleToCheckOrderHistory(AccountPageTest.java:96)
at java.base/jdk.internal.reflect.DirectMethodHandleAccessor.invoke(DirectMethodHandleAccessor.java:103)
at java.base/java.lang.reflect.Method.invoke(Method.java:580)
at org.testng.internal.invokers.MethodInvocationHelper.invokeMethod(MethodInvocationHelper.java:141)
at org.testng.internal.invokers.TestInvoker.invokeMethod(TestInvoker.java:686)
at org.testng.internal.invokers.TestInvoker.invokeTestMethod(TestInvoker.java:230)
at org.testng.internal.invokers.MethodRunner.runInSequence(MethodRunner.java:63)
at org.testng.internal.invokers.TestInvoker$MethodInvocationAgent.invoke(TestInvoker.java:992)
at org.testng.internal.invokers.TestInvoker.invokeTestMethods(TestInvoker.java:203)
at org.testng.internal.invokers.TestMethodWorker.invokeTestMethods(TestMethodWorker.java:154)
at org.testng.internal.invokers.TestMethodWorker.run(TestMethodWorker.java:134)
at java.base/java.util.ArrayList.forEach(ArrayList.java:1596)
at org.testng.TestRunner.privateRun(TestRunner.java:739)
at org.testng.TestRunner.run(TestRunner.java:614)
at org.testng.SuiteRunner.runTest(SuiteRunner.java:421)
at org.testng.SuiteRunner.runSequentially(SuiteRunner.java:413)
at org.testng.SuiteRunner.privateRun(SuiteRunner.java:373)
at org.testng.SuiteRunner.run(SuiteRunner.java:312)
at org.testng.SuiteRunnerWorker.runSuite(SuiteRunnerWorker.java:52)
at org.testng.SuiteRunnerWorker.run(SuiteRunnerWorker.java:95)
at org.testng.TestNG.runSuitesSequentially(TestNG.java:1274)
at org.testng.TestNG.runSuitesLocally(TestNG.java:1208)
at org.testng.TestNG.runSuites(TestNG.java:1112)
at org.testng.TestNG.run(TestNG.java:1079)
at org.apache.maven.surefire.testng.TestNGExecutor.run(TestNGExecutor.java:155)
at org.apache.maven.surefire.testng.TestNGDirectoryTestSuite.executeMulti(TestNGDirectoryTestSuite.java:169)
at org.apache.maven.surefire.testng.TestNGDirectoryTestSuite.execute(TestNGDirectoryTestSuite.java:88)
at org.apache.maven.surefire.testng.TestNGProvider.invoke(TestNGProvider.java:137)
at org.apache.maven.surefire.booter.ForkedBooter.runSuitesInProcess(ForkedBooter.java:385)
at org.apache.maven.surefire.booter.ForkedBooter.execute(ForkedBooter.java:162)
at org.apache.maven.surefire.booter.ForkedBooter.run(ForkedBooter.java:507)
at org.apache.maven.surefire.booter.ForkedBooter.main(ForkedBooter.java:495)
]]>
            </full-stacktrace>
          </exception> <!-- org.openqa.selenium.StaleElementReferenceException -->
          <reporter-output>
          </reporter-output>
        </test-method> <!-- userIsAbleToCheckOrderHistory -->
        <test-method is-config="true" signature="closeBrowser()[pri:0, instance:com.naveenautomation.PageTests.AccountPageTest@53dbe163]" started-at="2026-05-03T08:29:28 GMT-04:00" name="closeBrowser" finished-at="2026-05-03T08:29:28 GMT-04:00" duration-ms="136" status="PASS">
          <reporter-output>
          </reporter-output>
        </test-method> <!-- closeBrowser -->
        <test-method is-config="true" signature="launch()[pri:0, instance:com.naveenautomation.PageTests.AccountPageTest@53dbe163]" started-at="2026-05-03T08:29:28 GMT-04:00" name="launch" finished-at="2026-05-03T08:29:31 GMT-04:00" duration-ms="2826" status="PASS">
          <reporter-output>
          </reporter-output>
        </test-method> <!-- launch -->
        <test-method signature="validateUserIsAbleToAddProductInWishList()[pri:0, instance:com.naveenautomation.PageTests.AccountPageTest@53dbe163]" started-at="2026-05-03T08:29:31 GMT-04:00" name="validateUserIsAbleToAddProductInWishList" finished-at="2026-05-03T08:29:34 GMT-04:00" duration-ms="3183" status="PASS">
          <reporter-output>
          </reporter-output>
        </test-method> <!-- validateUserIsAbleToAddProductInWishList -->
        <test-method is-config="true" signature="closeBrowser()[pri:0, instance:com.naveenautomation.PageTests.AccountPageTest@53dbe163]" started-at="2026-05-03T08:29:34 GMT-04:00" name="closeBrowser" finished-at="2026-05-03T08:29:34 GMT-04:00" duration-ms="153" status="PASS">
          <reporter-output>
          </reporter-output>
        </test-method> <!-- closeBrowser -->
        <test-method is-config="true" signature="launch()[pri:0, instance:com.naveenautomation.PageTests.AccountPageTest@53dbe163]" started-at="2026-05-03T08:29:34 GMT-04:00" name="launch" finished-at="2026-05-03T08:29:37 GMT-04:00" duration-ms="2856" status="PASS">
          <reporter-output>
          </reporter-output>
        </test-method> <!-- launch -->
        <test-method signature="validateUserIsAbleToRemoveProductInWishList()[pri:0, instance:com.naveenautomation.PageTests.AccountPageTest@53dbe163]" started-at="2026-05-03T08:29:37 GMT-04:00" name="validateUserIsAbleToRemoveProductInWishList" finished-at="2026-05-03T08:30:09 GMT-04:00" duration-ms="32322" status="FAIL">
          <exception class="org.openqa.selenium.NoSuchElementException">
            <message>
              <![CDATA[no such element: Unable to locate element: {"method":"xpath","selector":"//span[text()='Wish List (1)']"}
  (Session info: chrome=147.0.7727.138)
For documentation on this error, please visit: https://www.selenium.dev/documentation/webdriver/troubleshooting/errors#no-such-element-exception
Build info: version: '4.27.0', revision: 'd6e718d134'
System info: os.name: 'Windows 11', os.arch: 'amd64', os.version: '10.0', java.version: '21.0.10'
Driver info: org.openqa.selenium.chrome.ChromeDriver
Command: [a1bd8d2f4e96b416e10eb860b23c02b6, findElement {using=xpath, value=//span[text()='Wish List (1)']}]
Capabilities {acceptInsecureCerts: false, browserName: chrome, browserVersion: 147.0.7727.138, chrome: {chromedriverVersion: 147.0.7727.117 (474cc805edd..., userDataDir: C:\WINDOWS\SystemTemp\scope...}, fedcm:accounts: true, goog:chromeOptions: {debuggerAddress: localhost:61204}, goog:processID: 4988, networkConnectionEnabled: false, pageLoadStrategy: normal, platformName: windows, proxy: Proxy(), se:cdp: ws://localhost:61204/devtoo..., se:cdpVersion: 147.0.7727.138, setWindowRect: true, strictFileInteractability: false, timeouts: {implicit: 0, pageLoad: 300000, script: 30000}, unhandledPromptBehavior: dismiss and notify, webauthn:extension:credBlob: true, webauthn:extension:largeBlob: true, webauthn:extension:minPinLength: true, webauthn:extension:prf: true, webauthn:virtualAuthenticators: true}
Session ID: a1bd8d2f4e96b416e10eb860b23c02b6]]>
            </message>
            <full-stacktrace>
              <![CDATA[org.openqa.selenium.NoSuchElementException: no such element: Unable to locate element: {"method":"xpath","selector":"//span[text()='Wish List (1)']"}
  (Session info: chrome=147.0.7727.138)
For documentation on this error, please visit: https://www.selenium.dev/documentation/webdriver/troubleshooting/errors#no-such-element-exception
Build info: version: '4.27.0', revision: 'd6e718d134'
System info: os.name: 'Windows 11', os.arch: 'amd64', os.version: '10.0', java.version: '21.0.10'
Driver info: org.openqa.selenium.chrome.ChromeDriver
Command: [a1bd8d2f4e96b416e10eb860b23c02b6, findElement {using=xpath, value=//span[text()='Wish List (1)']}]
Capabilities {acceptInsecureCerts: false, browserName: chrome, browserVersion: 147.0.7727.138, chrome: {chromedriverVersion: 147.0.7727.117 (474cc805edd..., userDataDir: C:\WINDOWS\SystemTemp\scope...}, fedcm:accounts: true, goog:chromeOptions: {debuggerAddress: localhost:61204}, goog:processID: 4988, networkConnectionEnabled: false, pageLoadStrategy: normal, platformName: windows, proxy: Proxy(), se:cdp: ws://localhost:61204/devtoo..., se:cdpVersion: 147.0.7727.138, setWindowRect: true, strictFileInteractability: false, timeouts: {implicit: 0, pageLoad: 300000, script: 30000}, unhandledPromptBehavior: dismiss and notify, webauthn:extension:credBlob: true, webauthn:extension:largeBlob: true, webauthn:extension:minPinLength: true, webauthn:extension:prf: true, webauthn:virtualAuthenticators: true}
Session ID: a1bd8d2f4e96b416e10eb860b23c02b6
at java.base/jdk.internal.reflect.DirectConstructorHandleAccessor.newInstance(DirectConstructorHandleAccessor.java:62)
at java.base/java.lang.reflect.Constructor.newInstanceWithCaller(Constructor.java:502)
at java.base/java.lang.reflect.Constructor.newInstance(Constructor.java:486)
at org.openqa.selenium.remote.ErrorCodec.decode(ErrorCodec.java:167)
at org.openqa.selenium.remote.codec.w3c.W3CHttpResponseCodec.decode(W3CHttpResponseCodec.java:138)
at org.openqa.selenium.remote.codec.w3c.W3CHttpResponseCodec.decode(W3CHttpResponseCodec.java:50)
at org.openqa.selenium.remote.HttpCommandExecutor.execute(HttpCommandExecutor.java:190)
at org.openqa.selenium.remote.service.DriverCommandExecutor.invokeExecute(DriverCommandExecutor.java:216)
at org.openqa.selenium.remote.service.DriverCommandExecutor.execute(DriverCommandExecutor.java:174)
at org.openqa.selenium.remote.RemoteWebDriver.execute(RemoteWebDriver.java:545)
at org.openqa.selenium.remote.ElementLocation$ElementFinder$2.findElement(ElementLocation.java:165)
at org.openqa.selenium.remote.ElementLocation.findElement(ElementLocation.java:59)
at org.openqa.selenium.remote.RemoteWebDriver.findElement(RemoteWebDriver.java:368)
at org.openqa.selenium.remote.RemoteWebDriver.findElement(RemoteWebDriver.java:362)
at java.base/jdk.internal.reflect.DirectMethodHandleAccessor.invoke(DirectMethodHandleAccessor.java:103)
at java.base/java.lang.reflect.Method.invoke(Method.java:580)
at org.openqa.selenium.support.decorators.WebDriverDecorator.call(WebDriverDecorator.java:249)
at org.openqa.selenium.support.decorators.DefaultDecorated.call(DefaultDecorated.java:48)
at org.openqa.selenium.support.decorators.WebDriverDecorator.lambda$createProxy$2(WebDriverDecorator.java:321)
at net.bytebuddy.renamed.java.lang.Object$ByteBuddy$SurBCcQs.findElement(Unknown Source)
at org.openqa.selenium.support.pagefactory.DefaultElementLocator.findElement(DefaultElementLocator.java:68)
at org.openqa.selenium.support.pagefactory.internal.LocatingElementHandler.invoke(LocatingElementHandler.java:38)
at jdk.proxy2/jdk.proxy2.$Proxy38.click(Unknown Source)
at com.naveenautomation.pages.CategoryPage.clickOnWishListButton(CategoryPage.java:41)
at com.naveenautomation.PageTests.AccountPageTest.validateUserIsAbleToRemoveProductInWishList(AccountPageTest.java:118)
at java.base/jdk.internal.reflect.DirectMethodHandleAccessor.invoke(DirectMethodHandleAccessor.java:103)
at java.base/java.lang.reflect.Method.invoke(Method.java:580)
at org.testng.internal.invokers.MethodInvocationHelper.invokeMethod(MethodInvocationHelper.java:141)
at org.testng.internal.invokers.TestInvoker.invokeMethod(TestInvoker.java:686)
at org.testng.internal.invokers.TestInvoker.invokeTestMethod(TestInvoker.java:230)
at org.testng.internal.invokers.MethodRunner.runInSequence(MethodRunner.java:63)
at org.testng.internal.invokers.TestInvoker$MethodInvocationAgent.invoke(TestInvoker.java:992)
at org.testng.internal.invokers.TestInvoker.invokeTestMethods(TestInvoker.java:203)
at org.testng.internal.invokers.TestMethodWorker.invokeTestMethods(TestMethodWorker.java:154)
at org.testng.internal.invokers.TestMethodWorker.run(TestMethodWorker.java:134)
at java.base/java.util.ArrayList.forEach(ArrayList.java:1596)
at org.testng.TestRunner.privateRun(TestRunner.java:739)
at org.testng.TestRunner.run(TestRunner.java:614)
at org.testng.SuiteRunner.runTest(SuiteRunner.java:421)
at org.testng.SuiteRunner.runSequentially(SuiteRunner.java:413)
at org.testng.SuiteRunner.privateRun(SuiteRunner.java:373)
at org.testng.SuiteRunner.run(SuiteRunner.java:312)
at org.testng.SuiteRunnerWorker.runSuite(SuiteRunnerWorker.java:52)
at org.testng.SuiteRunnerWorker.run(SuiteRunnerWorker.java:95)
at org.testng.TestNG.runSuitesSequentially(TestNG.java:1274)
at org.testng.TestNG.runSuitesLocally(TestNG.java:1208)
at org.testng.TestNG.runSuites(TestNG.java:1112)
at org.testng.TestNG.run(TestNG.java:1079)
at org.apache.maven.surefire.testng.TestNGExecutor.run(TestNGExecutor.java:155)
at org.apache.maven.surefire.testng.TestNGDirectoryTestSuite.executeMulti(TestNGDirectoryTestSuite.java:169)
at org.apache.maven.surefire.testng.TestNGDirectoryTestSuite.execute(TestNGDirectoryTestSuite.java:88)
at org.apache.maven.surefire.testng.TestNGProvider.invoke(TestNGProvider.java:137)
at org.apache.maven.surefire.booter.ForkedBooter.runSuitesInProcess(ForkedBooter.java:385)
at org.apache.maven.surefire.booter.ForkedBooter.execute(ForkedBooter.java:162)
at org.apache.maven.surefire.booter.ForkedBooter.run(ForkedBooter.java:507)
at org.apache.maven.surefire.booter.ForkedBooter.main(ForkedBooter.java:495)
]]>
            </full-stacktrace>
          </exception> <!-- org.openqa.selenium.NoSuchElementException -->
          <reporter-output>
          </reporter-output>
        </test-method> <!-- validateUserIsAbleToRemoveProductInWishList -->
        <test-method is-config="true" signature="closeBrowser()[pri:0, instance:com.naveenautomation.PageTests.AccountPageTest@53dbe163]" started-at="2026-05-03T08:30:09 GMT-04:00" name="closeBrowser" finished-at="2026-05-03T08:30:09 GMT-04:00" duration-ms="197" status="PASS">
          <reporter-output>
          </reporter-output>
        </test-method> <!-- closeBrowser -->
        <test-method is-config="true" signature="launch()[pri:0, instance:com.naveenautomation.PageTests.AccountPageTest@53dbe163]" started-at="2026-05-03T08:30:09 GMT-04:00" name="launch" finished-at="2026-05-03T08:30:12 GMT-04:00" duration-ms="2819" status="PASS">
          <reporter-output>
          </reporter-output>
        </test-method> <!-- launch -->
        <test-method signature="validateUserIsAbleToViewReturns()[pri:1, instance:com.naveenautomation.PageTests.AccountPageTest@53dbe163]" started-at="2026-05-03T08:30:12 GMT-04:00" name="validateUserIsAbleToViewReturns" finished-at="2026-05-03T08:30:13 GMT-04:00" duration-ms="1014" status="FAIL">
          <exception class="org.openqa.selenium.StaleElementReferenceException">
            <message>
              <![CDATA[stale element reference: stale element not found
  (Session info: chrome=147.0.7727.138)
For documentation on this error, please visit: https://www.selenium.dev/documentation/webdriver/troubleshooting/errors#stale-element-reference-exception
Build info: version: '4.27.0', revision: 'd6e718d134'
System info: os.name: 'Windows 11', os.arch: 'amd64', os.version: '10.0', java.version: '21.0.10'
Driver info: org.openqa.selenium.chrome.ChromeDriver
Command: [d2ed91d6cad883033ac6c6778f889beb, clickElement {id=f.D6ED9D20035419D799996596B8CE2CFC.d.047A47562FA3B48384ED17151EC6776F.e.94}]
Capabilities {acceptInsecureCerts: false, browserName: chrome, browserVersion: 147.0.7727.138, chrome: {chromedriverVersion: 147.0.7727.117 (474cc805edd..., userDataDir: C:\WINDOWS\SystemTemp\scope...}, fedcm:accounts: true, goog:chromeOptions: {debuggerAddress: localhost:55430}, goog:processID: 2396, networkConnectionEnabled: false, pageLoadStrategy: normal, platformName: windows, proxy: Proxy(), se:cdp: ws://localhost:55430/devtoo..., se:cdpVersion: 147.0.7727.138, setWindowRect: true, strictFileInteractability: false, timeouts: {implicit: 0, pageLoad: 300000, script: 30000}, unhandledPromptBehavior: dismiss and notify, webauthn:extension:credBlob: true, webauthn:extension:largeBlob: true, webauthn:extension:minPinLength: true, webauthn:extension:prf: true, webauthn:virtualAuthenticators: true}
Element: [[ChromeDriver: chrome on windows (d2ed91d6cad883033ac6c6778f889beb)] -> xpath: (//a[text()='Returns'])[1]]
Session ID: d2ed91d6cad883033ac6c6778f889beb]]>
            </message>
            <full-stacktrace>
              <![CDATA[org.openqa.selenium.StaleElementReferenceException: stale element reference: stale element not found
  (Session info: chrome=147.0.7727.138)
For documentation on this error, please visit: https://www.selenium.dev/documentation/webdriver/troubleshooting/errors#stale-element-reference-exception
Build info: version: '4.27.0', revision: 'd6e718d134'
System info: os.name: 'Windows 11', os.arch: 'amd64', os.version: '10.0', java.version: '21.0.10'
Driver info: org.openqa.selenium.chrome.ChromeDriver
Command: [d2ed91d6cad883033ac6c6778f889beb, clickElement {id=f.D6ED9D20035419D799996596B8CE2CFC.d.047A47562FA3B48384ED17151EC6776F.e.94}]
Capabilities {acceptInsecureCerts: false, browserName: chrome, browserVersion: 147.0.7727.138, chrome: {chromedriverVersion: 147.0.7727.117 (474cc805edd..., userDataDir: C:\WINDOWS\SystemTemp\scope...}, fedcm:accounts: true, goog:chromeOptions: {debuggerAddress: localhost:55430}, goog:processID: 2396, networkConnectionEnabled: false, pageLoadStrategy: normal, platformName: windows, proxy: Proxy(), se:cdp: ws://localhost:55430/devtoo..., se:cdpVersion: 147.0.7727.138, setWindowRect: true, strictFileInteractability: false, timeouts: {implicit: 0, pageLoad: 300000, script: 30000}, unhandledPromptBehavior: dismiss and notify, webauthn:extension:credBlob: true, webauthn:extension:largeBlob: true, webauthn:extension:minPinLength: true, webauthn:extension:prf: true, webauthn:virtualAuthenticators: true}
Element: [[ChromeDriver: chrome on windows (d2ed91d6cad883033ac6c6778f889beb)] -> xpath: (//a[text()='Returns'])[1]]
Session ID: d2ed91d6cad883033ac6c6778f889beb
at java.base/jdk.internal.reflect.DirectConstructorHandleAccessor.newInstance(DirectConstructorHandleAccessor.java:62)
at java.base/java.lang.reflect.Constructor.newInstanceWithCaller(Constructor.java:502)
at java.base/java.lang.reflect.Constructor.newInstance(Constructor.java:486)
at org.openqa.selenium.remote.ErrorCodec.decode(ErrorCodec.java:167)
at org.openqa.selenium.remote.codec.w3c.W3CHttpResponseCodec.decode(W3CHttpResponseCodec.java:138)
at org.openqa.selenium.remote.codec.w3c.W3CHttpResponseCodec.decode(W3CHttpResponseCodec.java:50)
at org.openqa.selenium.remote.HttpCommandExecutor.execute(HttpCommandExecutor.java:190)
at org.openqa.selenium.remote.service.DriverCommandExecutor.invokeExecute(DriverCommandExecutor.java:216)
at org.openqa.selenium.remote.service.DriverCommandExecutor.execute(DriverCommandExecutor.java:174)
at org.openqa.selenium.remote.RemoteWebDriver.execute(RemoteWebDriver.java:545)
at org.openqa.selenium.remote.RemoteWebElement.execute(RemoteWebElement.java:223)
at org.openqa.selenium.remote.RemoteWebElement.click(RemoteWebElement.java:76)
at java.base/jdk.internal.reflect.DirectMethodHandleAccessor.invoke(DirectMethodHandleAccessor.java:103)
at java.base/java.lang.reflect.Method.invoke(Method.java:580)
at org.openqa.selenium.support.decorators.WebDriverDecorator.call(WebDriverDecorator.java:249)
at org.openqa.selenium.support.decorators.DefaultDecorated.call(DefaultDecorated.java:48)
at org.openqa.selenium.support.decorators.WebDriverDecorator.lambda$createProxy$2(WebDriverDecorator.java:321)
at net.bytebuddy.renamed.java.lang.Object$ByteBuddy$eNlYeu7L.click(Unknown Source)
at java.base/jdk.internal.reflect.DirectMethodHandleAccessor.invoke(DirectMethodHandleAccessor.java:103)
at java.base/java.lang.reflect.Method.invoke(Method.java:580)
at org.openqa.selenium.support.pagefactory.internal.LocatingElementHandler.invoke(LocatingElementHandler.java:51)
at jdk.proxy2/jdk.proxy2.$Proxy38.click(Unknown Source)
at com.naveenautomation.pages.AccountPage.clickOnReturns(AccountPage.java:151)
at com.naveenautomation.PageTests.AccountPageTest.validateUserIsAbleToViewReturns(AccountPageTest.java:75)
at java.base/jdk.internal.reflect.DirectMethodHandleAccessor.invoke(DirectMethodHandleAccessor.java:103)
at java.base/java.lang.reflect.Method.invoke(Method.java:580)
at org.testng.internal.invokers.MethodInvocationHelper.invokeMethod(MethodInvocationHelper.java:141)
at org.testng.internal.invokers.TestInvoker.invokeMethod(TestInvoker.java:686)
at org.testng.internal.invokers.TestInvoker.invokeTestMethod(TestInvoker.java:230)
at org.testng.internal.invokers.MethodRunner.runInSequence(MethodRunner.java:63)
at org.testng.internal.invokers.TestInvoker$MethodInvocationAgent.invoke(TestInvoker.java:992)
at org.testng.internal.invokers.TestInvoker.invokeTestMethods(TestInvoker.java:203)
at org.testng.internal.invokers.TestMethodWorker.invokeTestMethods(TestMethodWorker.java:154)
at org.testng.internal.invokers.TestMethodWorker.run(TestMethodWorker.java:134)
at java.base/java.util.ArrayList.forEach(ArrayList.java:1596)
at org.testng.TestRunner.privateRun(TestRunner.java:739)
at org.testng.TestRunner.run(TestRunner.java:614)
at org.testng.SuiteRunner.runTest(SuiteRunner.java:421)
at org.testng.SuiteRunner.runSequentially(SuiteRunner.java:413)
at org.testng.SuiteRunner.privateRun(SuiteRunner.java:373)
at org.testng.SuiteRunner.run(SuiteRunner.java:312)
at org.testng.SuiteRunnerWorker.runSuite(SuiteRunnerWorker.java:52)
at org.testng.SuiteRunnerWorker.run(SuiteRunnerWorker.java:95)
at org.testng.TestNG.runSuitesSequentially(TestNG.java:1274)
at org.testng.TestNG.runSuitesLocally(TestNG.java:1208)
at org.testng.TestNG.runSuites(TestNG.java:1112)
at org.testng.TestNG.run(TestNG.java:1079)
at org.apache.maven.surefire.testng.TestNGExecutor.run(TestNGExecutor.java:155)
at org.apache.maven.surefire.testng.TestNGDirectoryTestSuite.executeMulti(TestNGDirectoryTestSuite.java:169)
at org.apache.maven.surefire.testng.TestNGDirectoryTestSuite.execute(TestNGDirectoryTestSuite.java:88)
at org.apache.maven.surefire.testng.TestNGProvider.invoke(TestNGProvider.java:137)
at org.apache.maven.surefire.booter.ForkedBooter.runSuitesInProcess(ForkedBooter.java:385)
at org.apache.maven.surefire.booter.ForkedBooter.execute(ForkedBooter.java:162)
at org.apache.maven.surefire.booter.ForkedBooter.run(ForkedBooter.java:507)
at org.apache.maven.surefire.booter.ForkedBooter.main(ForkedBooter.java:495)
]]>
            </full-stacktrace>
          </exception> <!-- org.openqa.selenium.StaleElementReferenceException -->
          <reporter-output>
          </reporter-output>
        </test-method> <!-- validateUserIsAbleToViewReturns -->
        <test-method is-config="true" signature="closeBrowser()[pri:0, instance:com.naveenautomation.PageTests.AccountPageTest@53dbe163]" started-at="2026-05-03T08:30:13 GMT-04:00" name="closeBrowser" finished-at="2026-05-03T08:30:13 GMT-04:00" duration-ms="140" status="PASS">
          <reporter-output>
          </reporter-output>
        </test-method> <!-- closeBrowser -->
        <test-method is-config="true" signature="launch()[pri:0, instance:com.naveenautomation.PageTests.AccountPageTest@53dbe163]" started-at="2026-05-03T08:30:13 GMT-04:00" name="launch" finished-at="2026-05-03T08:30:16 GMT-04:00" duration-ms="3011" status="PASS">
          <reporter-output>
          </reporter-output>
        </test-method> <!-- launch -->
        <test-method signature="validateUserIsAbleToUpdatePersonalInfo()[pri:2, instance:com.naveenautomation.PageTests.AccountPageTest@53dbe163]" started-at="2026-05-03T08:30:16 GMT-04:00" name="validateUserIsAbleToUpdatePersonalInfo" finished-at="2026-05-03T08:30:19 GMT-04:00" duration-ms="2787" status="PASS">
          <reporter-output>
          </reporter-output>
        </test-method> <!-- validateUserIsAbleToUpdatePersonalInfo -->
        <test-method is-config="true" signature="closeBrowser()[pri:0, instance:com.naveenautomation.PageTests.AccountPageTest@53dbe163]" started-at="2026-05-03T08:30:19 GMT-04:00" name="closeBrowser" finished-at="2026-05-03T08:30:19 GMT-04:00" duration-ms="191" status="PASS">
          <reporter-output>
          </reporter-output>
        </test-method> <!-- closeBrowser -->
        <test-method is-config="true" signature="launch()[pri:0, instance:com.naveenautomation.PageTests.AccountPageTest@53dbe163]" started-at="2026-05-03T08:30:19 GMT-04:00" name="launch" finished-at="2026-05-03T08:30:22 GMT-04:00" duration-ms="2811" status="PASS">
          <reporter-output>
          </reporter-output>
        </test-method> <!-- launch -->
        <test-method signature="validateUserIsAbleToSubscribe()[pri:3, instance:com.naveenautomation.PageTests.AccountPageTest@53dbe163]" started-at="2026-05-03T08:30:22 GMT-04:00" name="validateUserIsAbleToSubscribe" finished-at="2026-05-03T08:30:23 GMT-04:00" duration-ms="1016" status="FAIL">
          <exception class="org.openqa.selenium.StaleElementReferenceException">
            <message>
              <![CDATA[stale element reference: stale element not found
  (Session info: chrome=147.0.7727.138)
For documentation on this error, please visit: https://www.selenium.dev/documentation/webdriver/troubleshooting/errors#stale-element-reference-exception
Build info: version: '4.27.0', revision: 'd6e718d134'
System info: os.name: 'Windows 11', os.arch: 'amd64', os.version: '10.0', java.version: '21.0.10'
Driver info: org.openqa.selenium.chrome.ChromeDriver
Command: [631de7b039db838764c79c2a5b6a43c7, clickElement {id=f.5D484369BF0BC539D0F497A5A6F1C2FD.d.7D4865596B31FC800E9D6921E3D9645B.e.94}]
Capabilities {acceptInsecureCerts: false, browserName: chrome, browserVersion: 147.0.7727.138, chrome: {chromedriverVersion: 147.0.7727.117 (474cc805edd..., userDataDir: C:\WINDOWS\SystemTemp\scope...}, fedcm:accounts: true, goog:chromeOptions: {debuggerAddress: localhost:62581}, goog:processID: 10768, networkConnectionEnabled: false, pageLoadStrategy: normal, platformName: windows, proxy: Proxy(), se:cdp: ws://localhost:62581/devtoo..., se:cdpVersion: 147.0.7727.138, setWindowRect: true, strictFileInteractability: false, timeouts: {implicit: 0, pageLoad: 300000, script: 30000}, unhandledPromptBehavior: dismiss and notify, webauthn:extension:credBlob: true, webauthn:extension:largeBlob: true, webauthn:extension:minPinLength: true, webauthn:extension:prf: true, webauthn:virtualAuthenticators: true}
Element: [[ChromeDriver: chrome on windows (631de7b039db838764c79c2a5b6a43c7)] -> xpath: (//a[text()='Newsletter'])[1]]
Session ID: 631de7b039db838764c79c2a5b6a43c7]]>
            </message>
            <full-stacktrace>
              <![CDATA[org.openqa.selenium.StaleElementReferenceException: stale element reference: stale element not found
  (Session info: chrome=147.0.7727.138)
For documentation on this error, please visit: https://www.selenium.dev/documentation/webdriver/troubleshooting/errors#stale-element-reference-exception
Build info: version: '4.27.0', revision: 'd6e718d134'
System info: os.name: 'Windows 11', os.arch: 'amd64', os.version: '10.0', java.version: '21.0.10'
Driver info: org.openqa.selenium.chrome.ChromeDriver
Command: [631de7b039db838764c79c2a5b6a43c7, clickElement {id=f.5D484369BF0BC539D0F497A5A6F1C2FD.d.7D4865596B31FC800E9D6921E3D9645B.e.94}]
Capabilities {acceptInsecureCerts: false, browserName: chrome, browserVersion: 147.0.7727.138, chrome: {chromedriverVersion: 147.0.7727.117 (474cc805edd..., userDataDir: C:\WINDOWS\SystemTemp\scope...}, fedcm:accounts: true, goog:chromeOptions: {debuggerAddress: localhost:62581}, goog:processID: 10768, networkConnectionEnabled: false, pageLoadStrategy: normal, platformName: windows, proxy: Proxy(), se:cdp: ws://localhost:62581/devtoo..., se:cdpVersion: 147.0.7727.138, setWindowRect: true, strictFileInteractability: false, timeouts: {implicit: 0, pageLoad: 300000, script: 30000}, unhandledPromptBehavior: dismiss and notify, webauthn:extension:credBlob: true, webauthn:extension:largeBlob: true, webauthn:extension:minPinLength: true, webauthn:extension:prf: true, webauthn:virtualAuthenticators: true}
Element: [[ChromeDriver: chrome on windows (631de7b039db838764c79c2a5b6a43c7)] -> xpath: (//a[text()='Newsletter'])[1]]
Session ID: 631de7b039db838764c79c2a5b6a43c7
at java.base/jdk.internal.reflect.DirectConstructorHandleAccessor.newInstance(DirectConstructorHandleAccessor.java:62)
at java.base/java.lang.reflect.Constructor.newInstanceWithCaller(Constructor.java:502)
at java.base/java.lang.reflect.Constructor.newInstance(Constructor.java:486)
at org.openqa.selenium.remote.ErrorCodec.decode(ErrorCodec.java:167)
at org.openqa.selenium.remote.codec.w3c.W3CHttpResponseCodec.decode(W3CHttpResponseCodec.java:138)
at org.openqa.selenium.remote.codec.w3c.W3CHttpResponseCodec.decode(W3CHttpResponseCodec.java:50)
at org.openqa.selenium.remote.HttpCommandExecutor.execute(HttpCommandExecutor.java:190)
at org.openqa.selenium.remote.service.DriverCommandExecutor.invokeExecute(DriverCommandExecutor.java:216)
at org.openqa.selenium.remote.service.DriverCommandExecutor.execute(DriverCommandExecutor.java:174)
at org.openqa.selenium.remote.RemoteWebDriver.execute(RemoteWebDriver.java:545)
at org.openqa.selenium.remote.RemoteWebElement.execute(RemoteWebElement.java:223)
at org.openqa.selenium.remote.RemoteWebElement.click(RemoteWebElement.java:76)
at java.base/jdk.internal.reflect.DirectMethodHandleAccessor.invoke(DirectMethodHandleAccessor.java:103)
at java.base/java.lang.reflect.Method.invoke(Method.java:580)
at org.openqa.selenium.support.decorators.WebDriverDecorator.call(WebDriverDecorator.java:249)
at org.openqa.selenium.support.decorators.DefaultDecorated.call(DefaultDecorated.java:48)
at org.openqa.selenium.support.decorators.WebDriverDecorator.lambda$createProxy$2(WebDriverDecorator.java:321)
at net.bytebuddy.renamed.java.lang.Object$ByteBuddy$2q3Ospvu.click(Unknown Source)
at java.base/jdk.internal.reflect.DirectMethodHandleAccessor.invoke(DirectMethodHandleAccessor.java:103)
at java.base/java.lang.reflect.Method.invoke(Method.java:580)
at org.openqa.selenium.support.pagefactory.internal.LocatingElementHandler.invoke(LocatingElementHandler.java:51)
at jdk.proxy2/jdk.proxy2.$Proxy38.click(Unknown Source)
at com.naveenautomation.pages.AccountPage.clickOnNewsLetter(AccountPage.java:156)
at com.naveenautomation.PageTests.AccountPageTest.validateUserIsAbleToSubscribe(AccountPageTest.java:84)
at java.base/jdk.internal.reflect.DirectMethodHandleAccessor.invoke(DirectMethodHandleAccessor.java:103)
at java.base/java.lang.reflect.Method.invoke(Method.java:580)
at org.testng.internal.invokers.MethodInvocationHelper.invokeMethod(MethodInvocationHelper.java:141)
at org.testng.internal.invokers.TestInvoker.invokeMethod(TestInvoker.java:686)
at org.testng.internal.invokers.TestInvoker.invokeTestMethod(TestInvoker.java:230)
at org.testng.internal.invokers.MethodRunner.runInSequence(MethodRunner.java:63)
at org.testng.internal.invokers.TestInvoker$MethodInvocationAgent.invoke(TestInvoker.java:992)
at org.testng.internal.invokers.TestInvoker.invokeTestMethods(TestInvoker.java:203)
at org.testng.internal.invokers.TestMethodWorker.invokeTestMethods(TestMethodWorker.java:154)
at org.testng.internal.invokers.TestMethodWorker.run(TestMethodWorker.java:134)
at java.base/java.util.ArrayList.forEach(ArrayList.java:1596)
at org.testng.TestRunner.privateRun(TestRunner.java:739)
at org.testng.TestRunner.run(TestRunner.java:614)
at org.testng.SuiteRunner.runTest(SuiteRunner.java:421)
at org.testng.SuiteRunner.runSequentially(SuiteRunner.java:413)
at org.testng.SuiteRunner.privateRun(SuiteRunner.java:373)
at org.testng.SuiteRunner.run(SuiteRunner.java:312)
at org.testng.SuiteRunnerWorker.runSuite(SuiteRunnerWorker.java:52)
at org.testng.SuiteRunnerWorker.run(SuiteRunnerWorker.java:95)
at org.testng.TestNG.runSuitesSequentially(TestNG.java:1274)
at org.testng.TestNG.runSuitesLocally(TestNG.java:1208)
at org.testng.TestNG.runSuites(TestNG.java:1112)
at org.testng.TestNG.run(TestNG.java:1079)
at org.apache.maven.surefire.testng.TestNGExecutor.run(TestNGExecutor.java:155)
at org.apache.maven.surefire.testng.TestNGDirectoryTestSuite.executeMulti(TestNGDirectoryTestSuite.java:169)
at org.apache.maven.surefire.testng.TestNGDirectoryTestSuite.execute(TestNGDirectoryTestSuite.java:88)
at org.apache.maven.surefire.testng.TestNGProvider.invoke(TestNGProvider.java:137)
at org.apache.maven.surefire.booter.ForkedBooter.runSuitesInProcess(ForkedBooter.java:385)
at org.apache.maven.surefire.booter.ForkedBooter.execute(ForkedBooter.java:162)
at org.apache.maven.surefire.booter.ForkedBooter.run(ForkedBooter.java:507)
at org.apache.maven.surefire.booter.ForkedBooter.main(ForkedBooter.java:495)
]]>
            </full-stacktrace>
          </exception> <!-- org.openqa.selenium.StaleElementReferenceException -->
          <reporter-output>
          </reporter-output>
        </test-method> <!-- validateUserIsAbleToSubscribe -->
        <test-method is-config="true" signature="closeBrowser()[pri:0, instance:com.naveenautomation.PageTests.AccountPageTest@53dbe163]" started-at="2026-05-03T08:30:23 GMT-04:00" name="closeBrowser" finished-at="2026-05-03T08:30:23 GMT-04:00" duration-ms="135" status="PASS">
          <reporter-output>
          </reporter-output>
        </test-method> <!-- closeBrowser -->
      </class> <!-- com.naveenautomation.PageTests.AccountPageTest -->
      <class name="com.naveenautomation.PageTests.ComparePageTest">
        <test-method is-config="true" signature="initialization()[pri:0, instance:com.naveenautomation.PageTests.ComparePageTest@34a875b3]" started-at="2026-05-03T08:30:36 GMT-04:00" name="initialization" finished-at="2026-05-03T08:30:39 GMT-04:00" duration-ms="2940" status="PASS">
          <reporter-output>
          </reporter-output>
        </test-method> <!-- initialization -->
        <test-method is-config="true" signature="launch()[pri:0, instance:com.naveenautomation.PageTests.ComparePageTest@34a875b3]" started-at="2026-05-03T08:30:39 GMT-04:00" name="launch" finished-at="2026-05-03T08:30:42 GMT-04:00" duration-ms="2929" status="PASS">
          <reporter-output>
          </reporter-output>
        </test-method> <!-- launch -->
        <test-method signature="validateSummaryOfComparedProduct()[pri:0, instance:com.naveenautomation.PageTests.ComparePageTest@34a875b3]" started-at="2026-05-03T08:30:42 GMT-04:00" name="validateSummaryOfComparedProduct" finished-at="2026-05-03T08:30:44 GMT-04:00" duration-ms="2483" status="PASS">
          <reporter-output>
          </reporter-output>
        </test-method> <!-- validateSummaryOfComparedProduct -->
        <test-method is-config="true" signature="closeBrowser()[pri:0, instance:com.naveenautomation.PageTests.ComparePageTest@34a875b3]" started-at="2026-05-03T08:30:44 GMT-04:00" name="closeBrowser" finished-at="2026-05-03T08:30:44 GMT-04:00" duration-ms="156" status="PASS">
          <reporter-output>
          </reporter-output>
        </test-method> <!-- closeBrowser -->
      </class> <!-- com.naveenautomation.PageTests.ComparePageTest -->
      <class name="com.naveenautomation.PageTests.HomePageTest">
        <test-method is-config="true" signature="initialization()[pri:0, instance:com.naveenautomation.PageTests.HomePageTest@4748a0f9]" started-at="2026-05-03T08:30:44 GMT-04:00" name="initialization" finished-at="2026-05-03T08:30:47 GMT-04:00" duration-ms="2756" status="PASS">
          <reporter-output>
          </reporter-output>
        </test-method> <!-- initialization -->
        <test-method is-config="true" signature="launch()[pri:0, instance:com.naveenautomation.PageTests.HomePageTest@4748a0f9]" started-at="2026-05-03T08:30:47 GMT-04:00" name="launch" finished-at="2026-05-03T08:30:50 GMT-04:00" duration-ms="2833" status="PASS">
          <reporter-output>
          </reporter-output>
        </test-method> <!-- launch -->
        <test-method signature="validateUserIsAbleToPlaceOrder()[pri:0, instance:com.naveenautomation.PageTests.HomePageTest@4748a0f9]" started-at="2026-05-03T08:30:50 GMT-04:00" name="validateUserIsAbleToPlaceOrder" finished-at="2026-05-03T08:31:00 GMT-04:00" duration-ms="10330" status="PASS">
          <reporter-output>
          </reporter-output>
        </test-method> <!-- validateUserIsAbleToPlaceOrder -->
        <test-method is-config="true" signature="closeBrowser()[pri:0, instance:com.naveenautomation.PageTests.HomePageTest@4748a0f9]" started-at="2026-05-03T08:31:00 GMT-04:00" name="closeBrowser" finished-at="2026-05-03T08:31:00 GMT-04:00" duration-ms="194" status="PASS">
          <reporter-output>
          </reporter-output>
        </test-method> <!-- closeBrowser -->
        <test-method is-config="true" signature="launch()[pri:0, instance:com.naveenautomation.PageTests.HomePageTest@4748a0f9]" started-at="2026-05-03T08:31:00 GMT-04:00" name="launch" finished-at="2026-05-03T08:31:03 GMT-04:00" duration-ms="3017" status="PASS">
          <reporter-output>
          </reporter-output>
        </test-method> <!-- launch -->
        <test-method signature="validateUserIsAbleToSearchforSpecificProduct()[pri:0, instance:com.naveenautomation.PageTests.HomePageTest@4748a0f9]" started-at="2026-05-03T08:31:03 GMT-04:00" name="validateUserIsAbleToSearchforSpecificProduct" finished-at="2026-05-03T08:31:04 GMT-04:00" duration-ms="896" status="PASS">
          <reporter-output>
          </reporter-output>
        </test-method> <!-- validateUserIsAbleToSearchforSpecificProduct -->
        <test-method is-config="true" signature="closeBrowser()[pri:0, instance:com.naveenautomation.PageTests.HomePageTest@4748a0f9]" started-at="2026-05-03T08:31:04 GMT-04:00" name="closeBrowser" finished-at="2026-05-03T08:31:04 GMT-04:00" duration-ms="157" status="PASS">
          <reporter-output>
          </reporter-output>
        </test-method> <!-- closeBrowser -->
      </class> <!-- com.naveenautomation.PageTests.HomePageTest -->
    </test> <!-- Surefire test -->
  </suite> <!-- Surefire suite -->
</testng-results>
