<?xml version="1.0" encoding="UTF-8"?>
<testng-results ignored="0" total="1" passed="1" failed="0" skipped="0">
  <reporter-output>
  </reporter-output>
  <suite started-at="2026-03-13T16:40:03Z" name="Default suite" finished-at="2026-03-13T16:40:10Z" duration-ms="6559">
    <groups>
    </groups>
    <test started-at="2026-03-13T16:40:03Z" name="Default test" finished-at="2026-03-13T16:40:10Z" duration-ms="6559">
      <class name="com.naveenautomation.PageTests.AccountPageTest">
        <test-method is-config="true" signature="launch()[pri:0, instance:com.naveenautomation.PageTests.AccountPageTest@7c37508a]" started-at="2026-03-13T16:40:03Z" name="launch" finished-at="2026-03-13T16:40:07Z" duration-ms="3449" status="PASS">
          <reporter-output>
          </reporter-output>
        </test-method> <!-- launch -->
        <test-method signature="validateUserIsAbleToUpdatePersonalInfo()[pri:0, instance:com.naveenautomation.PageTests.AccountPageTest@7c37508a]" started-at="2026-03-13T16:40:07Z" name="validateUserIsAbleToUpdatePersonalInfo" finished-at="2026-03-13T16:40:10Z" duration-ms="2887" status="PASS">
          <reporter-output>
          </reporter-output>
        </test-method> <!-- validateUserIsAbleToUpdatePersonalInfo -->
        <test-method is-config="true" signature="closeBrowser()[pri:0, instance:com.naveenautomation.PageTests.AccountPageTest@7c37508a]" started-at="2026-03-13T16:40:10Z" name="closeBrowser" finished-at="2026-03-13T16:40:10Z" duration-ms="209" status="PASS">
          <reporter-output>
          </reporter-output>
        </test-method> <!-- closeBrowser -->
      </class> <!-- com.naveenautomation.PageTests.AccountPageTest -->
    </test> <!-- Default test -->
  </suite> <!-- Default suite -->
</testng-results>
