<?xml version="1.0" encoding="UTF-8"?>
<!-- Generated by org.testng.reporters.JUnitReportReporter -->
<testsuite hostname="LAPTOP-J14VFOC7" failures="0" tests="1" name="com.naveenautomation.PageTests.ForgottenTestPage" time="5.454" errors="0" timestamp="2026-04-09T15:27:01 GMT-04:00" skipped="0">
  <testcase classname="com.naveenautomation.PageTests.ForgottenTestPage" name="validateUserIsAbleToChangeThePassword" time="5.454"/>
</testsuite> <!-- com.naveenautomation.PageTests.ForgottenTestPage -->
