<?xml version="1.0" encoding="UTF-8"?>
<!-- Generated by org.testng.reporters.JUnitReportReporter -->
<testsuite hostname="LAPTOP-J14VFOC7" failures="0" tests="4" name="com.naveenautomation.PageTests.AccountPageTest" time="18.860" errors="0" timestamp="2026-04-03T19:11:05 GMT-04:00" skipped="1">
  <testcase classname="com.naveenautomation.PageTests.AccountPageTest" name="validateUserIsAbleToViewReturns" time="5.131"/>
  <testcase classname="com.naveenautomation.PageTests.AccountPageTest" name="validateUserIsAbleToUpdatePersonalInfo" time="6.714"/>
  <testcase classname="com.naveenautomation.PageTests.AccountPageTest" name="validateUserIsAbleToSubscribe" time="7.015"/>
  <testcase classname="com.naveenautomation.PageTests.AccountPageTest" name="validateUserIsAbleToChangePassword">
    <skipped/>
  </testcase> <!-- validateUserIsAbleToChangePassword -->
</testsuite> <!-- com.naveenautomation.PageTests.AccountPageTest -->
