<?xml version="1.0" encoding="UTF-8"?>
<!-- Generated by org.testng.reporters.JUnitReportReporter -->
<testsuite hostname="LAPTOP-J14VFOC7" failures="0" tests="2" name="com.naveenautomation.PageTests.HomePageTest" time="19.070" errors="0" timestamp="2026-04-03T19:11:05 GMT-04:00" skipped="0">
  <testcase classname="com.naveenautomation.PageTests.HomePageTest" name="userIsAbleToPlaceOrder" time="14.547"/>
  <testcase classname="com.naveenautomation.PageTests.HomePageTest" name="userIsAbleToSearchforSpecificProduct" time="4.523"/>
</testsuite> <!-- com.naveenautomation.PageTests.HomePageTest -->
