<?xml version="1.0" encoding="UTF-8"?>
<!-- Generated by org.testng.reporters.JUnitReportReporter -->
<testsuite hostname="LAPTOP-J14VFOC7" failures="0" tests="2" name="com.naveenautomation.PageTests.AccountPageTest" time="5.641" errors="0" timestamp="2026-05-06T15:47:01 GMT-04:00" skipped="1">
  <testcase classname="com.naveenautomation.PageTests.AccountPageTest" name="userIsAbleToCheckOrderHistory" time="5.641"/>
  <testcase classname="com.naveenautomation.PageTests.AccountPageTest" name="validateUserIsAbleToChangePassword">
    <skipped/>
  </testcase> <!-- validateUserIsAbleToChangePassword -->
</testsuite> <!-- com.naveenautomation.PageTests.AccountPageTest -->
