<?xml version="1.0" encoding="UTF-8"?>
<!-- Generated by org.testng.reporters.JUnitReportReporter -->
<testsuite hostname="LAPTOP-J14VFOC7" failures="0" tests="2" name="com.naveenautomation.PageTests.LoginPageTest" time="12.617" errors="0" timestamp="2026-03-30T13:41:43 GMT-04:00" skipped="0">
  <testcase classname="com.naveenautomation.PageTests.LoginPageTest" name="validateLoginWithMultipleCredentials" time="7.308"/>
  <testcase classname="com.naveenautomation.PageTests.LoginPageTest" name="validateLoginWithMultipleCredentials" time="5.309"/>
</testsuite> <!-- com.naveenautomation.PageTests.LoginPageTest -->
