<?xml version="1.0" encoding="UTF-8"?>
<!-- Generated by org.testng.reporters.JUnitReportReporter -->
<testsuite hostname="LAPTOP-J14VFOC7" failures="0" tests="2" name="com.naveenautomation.PageTests.HomePageTest" time="17.665" errors="0" timestamp="2026-05-03T08:27:48 GMT-04:00" skipped="0">
  <testcase classname="com.naveenautomation.PageTests.HomePageTest" name="validateUserIsAbleToSearchforSpecificProduct" time="3.987"/>
  <testcase classname="com.naveenautomation.PageTests.HomePageTest" name="validateUserIsAbleToPlaceOrder" time="13.678"/>
</testsuite> <!-- com.naveenautomation.PageTests.HomePageTest -->
