<?xml version="1.0" encoding="UTF-8"?>
<!-- Generated by org.testng.reporters.JUnitReportReporter -->
<testsuite hostname="LAPTOP-J14VFOC7" failures="0" tests="3" name="com.naveenautomation.PageTests.AddressPageTest" time="18.087" errors="0" timestamp="2026-05-03T08:27:48 GMT-04:00" skipped="1">
  <testcase classname="com.naveenautomation.PageTests.AddressPageTest" name="validateUserIsAbleToAddNewAddress" time="4.064">
    <skipped/>
  </testcase> <!-- validateUserIsAbleToAddNewAddress -->
  <testcase classname="com.naveenautomation.PageTests.AddressPageTest" name="validateUserIsAbleToRemoveAddress" time="5.478"/>
  <testcase classname="com.naveenautomation.PageTests.AddressPageTest" name="validateUserIsAbleToAddNewAddress" time="8.545"/>
</testsuite> <!-- com.naveenautomation.PageTests.AddressPageTest -->
