<?xml version="1.0" encoding="UTF-8"?>
<!-- Generated by org.testng.reporters.JUnitReportReporter -->
<testsuite hostname="LAPTOP-J14VFOC7" failures="0" tests="5" name="com.naveenautomation.PageTests.LoginPageTest" time="23.197" errors="0" timestamp="2026-04-03T19:11:05 GMT-04:00" skipped="1">
  <testcase classname="com.naveenautomation.PageTests.LoginPageTest" name="validateUserIsAbleToLoginWithValidCred" time="4.838"/>
  <testcase classname="com.naveenautomation.PageTests.LoginPageTest" name="validateLoginWithMultipleCredentials" time="4.997"/>
  <testcase classname="com.naveenautomation.PageTests.LoginPageTest" name="validateUserIsAbleToLoginWithInValidCred" time="4.275"/>
  <testcase classname="com.naveenautomation.PageTests.LoginPageTest" name="validateLoginWithMultipleCredentials" time="4.896"/>
  <testcase classname="com.naveenautomation.PageTests.LoginPageTest" name="validateLoginWithMultipleCredentials" time="4.191">
    <skipped/>
  </testcase> <!-- validateLoginWithMultipleCredentials -->
</testsuite> <!-- com.naveenautomation.PageTests.LoginPageTest -->
