<?xml version="1.0" encoding="UTF-8"?>
<!-- Generated by org.testng.reporters.JUnitReportReporter -->
<testsuite hostname="LAPTOP-J14VFOC7" failures="0" tests="4" name="com.naveenautomation.PageTests.AddressPageTest" time="24.781" errors="0" timestamp="2026-04-07T02:16:25 GMT-04:00" skipped="2">
  <testcase classname="com.naveenautomation.PageTests.AddressPageTest" name="validateUserIsAbleToAddNewAddress" time="9.245"/>
  <testcase classname="com.naveenautomation.PageTests.AddressPageTest" name="validateUserIsAbleToAddNewAddress" time="4.916">
    <skipped/>
  </testcase> <!-- validateUserIsAbleToAddNewAddress -->
  <testcase classname="com.naveenautomation.PageTests.AddressPageTest" name="validateUserIsAbleToRemoveAddress" time="6.084"/>
  <testcase classname="com.naveenautomation.PageTests.AddressPageTest" name="validateUserIsAbleToRemoveAddress" time="4.536">
    <skipped/>
  </testcase> <!-- validateUserIsAbleToRemoveAddress -->
</testsuite> <!-- com.naveenautomation.PageTests.AddressPageTest -->
