<?xml version="1.0" encoding="UTF-8"?>
<!-- Generated by org.testng.reporters.JUnitReportReporter -->
<testsuite hostname="LAPTOP-J14VFOC7" failures="0" tests="2" name="com.naveenautomation.PageTests.AccountLogOutPageTest" time="12.377" errors="0" timestamp="2026-04-03T19:11:05 GMT-04:00" skipped="0">
  <testcase classname="com.naveenautomation.PageTests.AccountLogOutPageTest" name="userIsAbleToLandOnHomePage" time="7.036"/>
  <testcase classname="com.naveenautomation.PageTests.AccountLogOutPageTest" name="userIsAbleToLogout" time="5.341"/>
</testsuite> <!-- com.naveenautomation.PageTests.AccountLogOutPageTest -->
