<?xml version="1.0" encoding="UTF-8"?>
<!-- Generated by org.testng.reporters.JUnitReportReporter -->
<testsuite hostname="LAPTOP-J14VFOC7" failures="0" tests="2" name="com.naveenautomation.PageTests.AccountLogOutPageTest" time="11.032" errors="0" timestamp="2026-05-03T08:31:24 GMT-04:00" skipped="0">
  <testcase classname="com.naveenautomation.PageTests.AccountLogOutPageTest" name="userIsAbleToLogout" time="4.673"/>
  <testcase classname="com.naveenautomation.PageTests.AccountLogOutPageTest" name="userIsAbleToLandOnHomePage" time="6.359"/>
</testsuite> <!-- com.naveenautomation.PageTests.AccountLogOutPageTest -->
